#
# There is insufficient memory for the Java Runtime Environment to continue.
# Native memory allocation (malloc) failed to allocate 32744 bytes for ChunkPool::allocate
# Possible reasons:
#   The system is out of physical RAM or swap space
#   The process is running with CompressedOops enabled, and the Java Heap may be blocking the growth of the native heap
# Possible solutions:
#   Reduce memory load on the system
#   Increase physical memory or swap space
#   Check if swap backing store is full
#   Decrease Java heap size (-Xmx/-Xms)
#   Decrease number of Java threads
#   Decrease Java thread stack sizes (-Xss)
#   Set larger code cache with -XX:ReservedCodeCacheSize=
#   JVM is running with Unscaled Compressed Oops mode in which the Java heap is
#     placed in the first 4GB address space. The Java Heap base address is the
#     maximum limit for the native heap growth. Please use -XX:HeapBaseMinAddress
#     to set the Java Heap base and to place the Java Heap above 4GB virtual address.
# This output file may be truncated or incomplete.
#
#  Out of Memory Error (./src/hotspot/share/memory/arena.cpp:81), pid=11336, tid=9856
#
# JRE version: OpenJDK Runtime Environment (11.0.13) (build 11.0.13+0-b1751.21-8125866)
# Java VM: OpenJDK 64-Bit Server VM (11.0.13+0-b1751.21-8125866, mixed mode, tiered, compressed oops, g1 gc, windows-amd64)
# No core dump will be written. Minidumps are not enabled by default on client versions of Windows
#

---------------  S U M M A R Y ------------

Command Line: org.jetbrains.kotlin.cli.jvm.K2JVMCompiler @C:\Users\Marko\AndroidStudioProjects\LecturePresenceApp\app\build\20230806_9721299862370722560.compiler.options

Host: AMD Ryzen 5 3550H with Radeon Vega Mobile Gfx  , 8 cores, 5G,  Windows 10 , 64 bit Build 19041 (10.0.19041.3155)
Time: Sun Aug  6 15:30:33 2023 Central European Daylight Time elapsed time: 7.799456 seconds (0d 0h 0m 7s)

---------------  T H R E A D  ---------------

Current thread (0x0000015630995000):  JavaThread "C2 CompilerThread0" daemon [_thread_in_native, id=9856, stack(0x0000000196800000,0x0000000196900000)]


Current CompileTask:
C2:   7799 2129   !   4       jdk.internal.loader.BuiltinClassLoader::loadClassOrNull (143 bytes)

Stack: [0x0000000196800000,0x0000000196900000]
Native frames: (J=compiled Java code, j=interpreted, Vv=VM code, C=native code)
V  [jvm.dll+0x6100fa]
V  [jvm.dll+0x747090]
V  [jvm.dll+0x7486ad]
V  [jvm.dll+0x748d83]
V  [jvm.dll+0x24ab48]
V  [jvm.dll+0xc075b]
V  [jvm.dll+0xc0a0c]
V  [jvm.dll+0x5efc5a]
V  [jvm.dll+0xca83d]
V  [jvm.dll+0x626dbe]
V  [jvm.dll+0x629b67]
V  [jvm.dll+0x62d396]
V  [jvm.dll+0x62524a]
V  [jvm.dll+0x6248b3]
V  [jvm.dll+0x622904]
V  [jvm.dll+0x18b5ac]
V  [jvm.dll+0x2beb9f]
V  [jvm.dll+0x62d4e5]
V  [jvm.dll+0x62524a]
V  [jvm.dll+0x6248b3]
V  [jvm.dll+0x622904]
V  [jvm.dll+0x18b5ac]
V  [jvm.dll+0x18c2f9]
V  [jvm.dll+0x2beb9f]
V  [jvm.dll+0x62d4e5]
V  [jvm.dll+0x62524a]
V  [jvm.dll+0x6248b3]
V  [jvm.dll+0x622904]
V  [jvm.dll+0x18b5ac]
V  [jvm.dll+0x2beb9f]
V  [jvm.dll+0x62d4e5]
V  [jvm.dll+0x62524a]
V  [jvm.dll+0x6248b3]
V  [jvm.dll+0x622904]
V  [jvm.dll+0x18b5ac]
V  [jvm.dll+0x2beb9f]
V  [jvm.dll+0x62d4e5]
V  [jvm.dll+0x62524a]
V  [jvm.dll+0x6248b3]
V  [jvm.dll+0x622904]
V  [jvm.dll+0x18b5ac]
V  [jvm.dll+0x2beb9f]
V  [jvm.dll+0x62d4e5]
V  [jvm.dll+0x62524a]
V  [jvm.dll+0x6248b3]
V  [jvm.dll+0x622904]
V  [jvm.dll+0x18b5ac]
V  [jvm.dll+0x2beb9f]
V  [jvm.dll+0x62d4e5]
V  [jvm.dll+0x62524a]
V  [jvm.dll+0x6248b3]
V  [jvm.dll+0x622904]
V  [jvm.dll+0x18b5ac]
V  [jvm.dll+0x2beb9f]
V  [jvm.dll+0x62d4e5]
V  [jvm.dll+0x62524a]
V  [jvm.dll+0x6248b3]
V  [jvm.dll+0x622904]
V  [jvm.dll+0x18b5ac]
V  [jvm.dll+0x18c2f9]
V  [jvm.dll+0x2beb9f]
V  [jvm.dll+0x62d4e5]
V  [jvm.dll+0x62524a]
V  [jvm.dll+0x6248b3]
V  [jvm.dll+0x622904]
V  [jvm.dll+0x18b5ac]
V  [jvm.dll+0x2beb9f]
V  [jvm.dll+0x62d4e5]
V  [jvm.dll+0x62524a]
V  [jvm.dll+0x6248b3]
V  [jvm.dll+0x622904]
V  [jvm.dll+0x18b5ac]
V  [jvm.dll+0x2beb9f]
V  [jvm.dll+0x62d4e5]
V  [jvm.dll+0x62524a]
V  [jvm.dll+0x6248b3]
V  [jvm.dll+0x622904]
V  [jvm.dll+0x18b5ac]
V  [jvm.dll+0x2beb9f]
V  [jvm.dll+0x62d4e5]
V  [jvm.dll+0x62524a]
V  [jvm.dll+0x6248b3]
V  [jvm.dll+0x622904]
V  [jvm.dll+0x18b5ac]
V  [jvm.dll+0x18c2f9]
V  [jvm.dll+0x2beb9f]
V  [jvm.dll+0x62d4e5]
V  [jvm.dll+0x62524a]
V  [jvm.dll+0x6248b3]
V  [jvm.dll+0x622904]
V  [jvm.dll+0x18b5ac]
V  [jvm.dll+0x202155]
V  [jvm.dll+0x188e01]
V  [jvm.dll+0x21106b]
V  [jvm.dll+0x20f8c1]
V  [jvm.dll+0x70de0f]
V  [jvm.dll+0x706a75]
V  [jvm.dll+0x60ed66]
C  [ucrtbase.dll+0x21bb2]
...<more frames>...


---------------  P R O C E S S  ---------------

Threads class SMR info:
_java_thread_list=0x0000015631481260, length=10, elements={
0x00000156158dd000, 0x0000015630954000, 0x0000015630976000, 0x000001563098f000,
0x0000015630991000, 0x0000015630992000, 0x0000015630995000, 0x0000015630997000,
0x0000015631376800, 0x000001563148c000
}

Java Threads: ( => current thread )
  0x00000156158dd000 JavaThread "main" [_thread_in_vm, id=26652, stack(0x0000000195c00000,0x0000000195d00000)]
  0x0000015630954000 JavaThread "Reference Handler" daemon [_thread_blocked, id=17132, stack(0x0000000196300000,0x0000000196400000)]
  0x0000015630976000 JavaThread "Finalizer" daemon [_thread_blocked, id=7692, stack(0x0000000196400000,0x0000000196500000)]
  0x000001563098f000 JavaThread "Signal Dispatcher" daemon [_thread_blocked, id=12184, stack(0x0000000196500000,0x0000000196600000)]
  0x0000015630991000 JavaThread "Attach Listener" daemon [_thread_blocked, id=20420, stack(0x0000000196600000,0x0000000196700000)]
  0x0000015630992000 JavaThread "Service Thread" daemon [_thread_blocked, id=22896, stack(0x0000000196700000,0x0000000196800000)]
=>0x0000015630995000 JavaThread "C2 CompilerThread0" daemon [_thread_in_native, id=9856, stack(0x0000000196800000,0x0000000196900000)]
  0x0000015630997000 JavaThread "C1 CompilerThread0" daemon [_thread_blocked, id=24880, stack(0x0000000196900000,0x0000000196a00000)]
  0x0000015631376800 JavaThread "Sweeper thread" daemon [_thread_blocked, id=28052, stack(0x0000000196a00000,0x0000000196b00000)]
  0x000001563148c000 JavaThread "Common-Cleaner" daemon [_thread_blocked, id=24672, stack(0x0000000196c00000,0x0000000196d00000)]

Other Threads:
  0x0000015630953800 VMThread "VM Thread" [stack: 0x0000000196200000,0x0000000196300000] [id=30604]
  0x0000015631483800 WatcherThread [stack: 0x0000000196b00000,0x0000000196c00000] [id=27852]
  0x00000156158f3000 GCTaskThread "GC Thread#0" [stack: 0x0000000195d00000,0x0000000195e00000] [id=8932]
  0x00000156319ec000 GCTaskThread "GC Thread#1" [stack: 0x0000000196d00000,0x0000000196e00000] [id=26580]
  0x000001561591a800 ConcurrentGCThread "G1 Main Marker" [stack: 0x0000000195e00000,0x0000000195f00000] [id=23324]
  0x000001561591c000 ConcurrentGCThread "G1 Conc#0" [stack: 0x0000000195f00000,0x0000000196000000] [id=16440]
  0x0000015632aa5000 ConcurrentGCThread "G1 Conc#1" [stack: 0x0000000196e00000,0x0000000196f00000] [id=3556]
  0x00000156159a5000 ConcurrentGCThread "G1 Refine#0" [stack: 0x0000000196000000,0x0000000196100000] [id=10924]
  0x00000156159a6000 ConcurrentGCThread "G1 Young RemSet Sampling" [stack: 0x0000000196100000,0x0000000196200000] [id=20948]

Threads with active compile tasks:
C2 CompilerThread0   7878 2129   !   4       jdk.internal.loader.BuiltinClassLoader::loadClassOrNull (143 bytes)

VM state:not at safepoint (normal execution)

VM Mutex/Monitor currently owned by a thread: None

Heap address: 0x00000000a0e00000, size: 1522 MB, Compressed Oops mode: 32-bit
Narrow klass base: 0x0000000000000000, Narrow klass shift: 3
Compressed class space size: 1073741824 Address: 0x0000000100000000

Heap:
 garbage-first heap   total 98304K, used 30488K [0x00000000a0e00000, 0x0000000100000000)
  region size 1024K, 25 young (25600K), 7 survivors (7168K)
 Metaspace       used 25977K, capacity 26347K, committed 26496K, reserved 1073152K
  class space    used 2756K, capacity 2904K, committed 2944K, reserved 1048576K
Heap Regions: E=young(eden), S=young(survivor), O=old, HS=humongous(starts), HC=humongous(continues), CS=collection set, F=free, A=archive, TAMS=top-at-mark-start (previous, next)
|   0|0x00000000a0e00000, 0x00000000a0f00000, 0x00000000a0f00000|100%|HS|  |TAMS 0x00000000a0f00000, 0x00000000a0e00000| Complete 
|   1|0x00000000a0f00000, 0x00000000a1000000, 0x00000000a1000000|100%|HC|  |TAMS 0x00000000a1000000, 0x00000000a0f00000| Complete 
|   2|0x00000000a1000000, 0x00000000a1100000, 0x00000000a1100000|100%|HC|  |TAMS 0x00000000a1100000, 0x00000000a1000000| Complete 
|   3|0x00000000a1100000, 0x00000000a1100000, 0x00000000a1200000|  0%| F|  |TAMS 0x00000000a1100000, 0x00000000a1100000| Untracked 
|   4|0x00000000a1200000, 0x00000000a1224a00, 0x00000000a1300000| 14%| O|  |TAMS 0x00000000a1224a00, 0x00000000a1200000| Untracked 
|   5|0x00000000a1300000, 0x00000000a1400000, 0x00000000a1400000|100%|HS|  |TAMS 0x00000000a1300000, 0x00000000a1300000| Complete 
|   6|0x00000000a1400000, 0x00000000a1500000, 0x00000000a1500000|100%|HC|  |TAMS 0x00000000a1400000, 0x00000000a1400000| Complete 
|   7|0x00000000a1500000, 0x00000000a1600000, 0x00000000a1600000|100%|HC|  |TAMS 0x00000000a1500000, 0x00000000a1500000| Complete 
|   8|0x00000000a1600000, 0x00000000a1600000, 0x00000000a1700000|  0%| F|  |TAMS 0x00000000a1600000, 0x00000000a1600000| Untracked 
|   9|0x00000000a1700000, 0x00000000a1700000, 0x00000000a1800000|  0%| F|  |TAMS 0x00000000a1700000, 0x00000000a1700000| Untracked 
|  10|0x00000000a1800000, 0x00000000a1800000, 0x00000000a1900000|  0%| F|  |TAMS 0x00000000a1800000, 0x00000000a1800000| Untracked 
|  11|0x00000000a1900000, 0x00000000a1900000, 0x00000000a1a00000|  0%| F|  |TAMS 0x00000000a1900000, 0x00000000a1900000| Untracked 
|  12|0x00000000a1a00000, 0x00000000a1a00000, 0x00000000a1b00000|  0%| F|  |TAMS 0x00000000a1a00000, 0x00000000a1a00000| Untracked 
|  13|0x00000000a1b00000, 0x00000000a1b00000, 0x00000000a1c00000|  0%| F|  |TAMS 0x00000000a1b00000, 0x00000000a1b00000| Untracked 
|  14|0x00000000a1c00000, 0x00000000a1c00000, 0x00000000a1d00000|  0%| F|  |TAMS 0x00000000a1c00000, 0x00000000a1c00000| Untracked 
|  15|0x00000000a1d00000, 0x00000000a1d00000, 0x00000000a1e00000|  0%| F|  |TAMS 0x00000000a1d00000, 0x00000000a1d00000| Untracked 
|  16|0x00000000a1e00000, 0x00000000a1e00000, 0x00000000a1f00000|  0%| F|  |TAMS 0x00000000a1e00000, 0x00000000a1e00000| Untracked 
|  17|0x00000000a1f00000, 0x00000000a1f00000, 0x00000000a2000000|  0%| F|  |TAMS 0x00000000a1f00000, 0x00000000a1f00000| Untracked 
|  18|0x00000000a2000000, 0x00000000a2000000, 0x00000000a2100000|  0%| F|  |TAMS 0x00000000a2000000, 0x00000000a2000000| Untracked 
|  19|0x00000000a2100000, 0x00000000a2100000, 0x00000000a2200000|  0%| F|  |TAMS 0x00000000a2100000, 0x00000000a2100000| Untracked 
|  20|0x00000000a2200000, 0x00000000a2200000, 0x00000000a2300000|  0%| F|  |TAMS 0x00000000a2200000, 0x00000000a2200000| Untracked 
|  21|0x00000000a2300000, 0x00000000a2300000, 0x00000000a2400000|  0%| F|  |TAMS 0x00000000a2300000, 0x00000000a2300000| Untracked 
|  22|0x00000000a2400000, 0x00000000a2400000, 0x00000000a2500000|  0%| F|  |TAMS 0x00000000a2400000, 0x00000000a2400000| Untracked 
|  23|0x00000000a2500000, 0x00000000a2500000, 0x00000000a2600000|  0%| F|  |TAMS 0x00000000a2500000, 0x00000000a2500000| Untracked 
|  24|0x00000000a2600000, 0x00000000a2600000, 0x00000000a2700000|  0%| F|  |TAMS 0x00000000a2600000, 0x00000000a2600000| Untracked 
|  25|0x00000000a2700000, 0x00000000a2700000, 0x00000000a2800000|  0%| F|  |TAMS 0x00000000a2700000, 0x00000000a2700000| Untracked 
|  26|0x00000000a2800000, 0x00000000a2800000, 0x00000000a2900000|  0%| F|  |TAMS 0x00000000a2800000, 0x00000000a2800000| Untracked 
|  27|0x00000000a2900000, 0x00000000a2900000, 0x00000000a2a00000|  0%| F|  |TAMS 0x00000000a2900000, 0x00000000a2900000| Untracked 
|  28|0x00000000a2a00000, 0x00000000a2a00000, 0x00000000a2b00000|  0%| F|  |TAMS 0x00000000a2a00000, 0x00000000a2a00000| Untracked 
|  29|0x00000000a2b00000, 0x00000000a2b00000, 0x00000000a2c00000|  0%| F|  |TAMS 0x00000000a2b00000, 0x00000000a2b00000| Untracked 
|  30|0x00000000a2c00000, 0x00000000a2c00000, 0x00000000a2d00000|  0%| F|  |TAMS 0x00000000a2c00000, 0x00000000a2c00000| Untracked 
|  31|0x00000000a2d00000, 0x00000000a2d00000, 0x00000000a2e00000|  0%| F|  |TAMS 0x00000000a2d00000, 0x00000000a2d00000| Untracked 
|  32|0x00000000a2e00000, 0x00000000a2e00000, 0x00000000a2f00000|  0%| F|  |TAMS 0x00000000a2e00000, 0x00000000a2e00000| Untracked 
|  33|0x00000000a2f00000, 0x00000000a2f00000, 0x00000000a3000000|  0%| F|  |TAMS 0x00000000a2f00000, 0x00000000a2f00000| Untracked 
|  34|0x00000000a3000000, 0x00000000a3000000, 0x00000000a3100000|  0%| F|  |TAMS 0x00000000a3000000, 0x00000000a3000000| Untracked 
|  35|0x00000000a3100000, 0x00000000a3100000, 0x00000000a3200000|  0%| F|  |TAMS 0x00000000a3100000, 0x00000000a3100000| Untracked 
|  36|0x00000000a3200000, 0x00000000a3200000, 0x00000000a3300000|  0%| F|  |TAMS 0x00000000a3200000, 0x00000000a3200000| Untracked 
|  37|0x00000000a3300000, 0x00000000a3300000, 0x00000000a3400000|  0%| F|  |TAMS 0x00000000a3300000, 0x00000000a3300000| Untracked 
|  38|0x00000000a3400000, 0x00000000a3400000, 0x00000000a3500000|  0%| F|  |TAMS 0x00000000a3400000, 0x00000000a3400000| Untracked 
|  39|0x00000000a3500000, 0x00000000a3500000, 0x00000000a3600000|  0%| F|  |TAMS 0x00000000a3500000, 0x00000000a3500000| Untracked 
|  40|0x00000000a3600000, 0x00000000a3600000, 0x00000000a3700000|  0%| F|  |TAMS 0x00000000a3600000, 0x00000000a3600000| Untracked 
|  41|0x00000000a3700000, 0x00000000a3700000, 0x00000000a3800000|  0%| F|  |TAMS 0x00000000a3700000, 0x00000000a3700000| Untracked 
|  42|0x00000000a3800000, 0x00000000a3800000, 0x00000000a3900000|  0%| F|  |TAMS 0x00000000a3800000, 0x00000000a3800000| Untracked 
|  43|0x00000000a3900000, 0x00000000a3900000, 0x00000000a3a00000|  0%| F|  |TAMS 0x00000000a3900000, 0x00000000a3900000| Untracked 
|  44|0x00000000a3a00000, 0x00000000a3a00000, 0x00000000a3b00000|  0%| F|  |TAMS 0x00000000a3a00000, 0x00000000a3a00000| Untracked 
|  45|0x00000000a3b00000, 0x00000000a3b00000, 0x00000000a3c00000|  0%| F|  |TAMS 0x00000000a3b00000, 0x00000000a3b00000| Untracked 
|  46|0x00000000a3c00000, 0x00000000a3c00000, 0x00000000a3d00000|  0%| F|  |TAMS 0x00000000a3c00000, 0x00000000a3c00000| Untracked 
|  47|0x00000000a3d00000, 0x00000000a3d00000, 0x00000000a3e00000|  0%| F|  |TAMS 0x00000000a3d00000, 0x00000000a3d00000| Untracked 
|  48|0x00000000a3e00000, 0x00000000a3e00000, 0x00000000a3f00000|  0%| F|  |TAMS 0x00000000a3e00000, 0x00000000a3e00000| Untracked 
|  49|0x00000000a3f00000, 0x00000000a3f00000, 0x00000000a4000000|  0%| F|  |TAMS 0x00000000a3f00000, 0x00000000a3f00000| Untracked 
|  50|0x00000000a4000000, 0x00000000a40a1790, 0x00000000a4100000| 63%| S|CS|TAMS 0x00000000a4000000, 0x00000000a4000000| Complete 
|  51|0x00000000a4100000, 0x00000000a4200000, 0x00000000a4200000|100%| S|CS|TAMS 0x00000000a4100000, 0x00000000a4100000| Complete 
|  52|0x00000000a4200000, 0x00000000a4300000, 0x00000000a4300000|100%| S|CS|TAMS 0x00000000a4200000, 0x00000000a4200000| Complete 
|  53|0x00000000a4300000, 0x00000000a4400000, 0x00000000a4400000|100%| S|CS|TAMS 0x00000000a4300000, 0x00000000a4300000| Complete 
|  54|0x00000000a4400000, 0x00000000a4500000, 0x00000000a4500000|100%| S|CS|TAMS 0x00000000a4400000, 0x00000000a4400000| Complete 
|  55|0x00000000a4500000, 0x00000000a4600000, 0x00000000a4600000|100%| S|CS|TAMS 0x00000000a4500000, 0x00000000a4500000| Complete 
|  56|0x00000000a4600000, 0x00000000a4700000, 0x00000000a4700000|100%| S|CS|TAMS 0x00000000a4600000, 0x00000000a4600000| Complete 
|  57|0x00000000a4700000, 0x00000000a4700000, 0x00000000a4800000|  0%| F|  |TAMS 0x00000000a4700000, 0x00000000a4700000| Untracked 
|  58|0x00000000a4800000, 0x00000000a4800000, 0x00000000a4900000|  0%| F|  |TAMS 0x00000000a4800000, 0x00000000a4800000| Untracked 
|  59|0x00000000a4900000, 0x00000000a4900000, 0x00000000a4a00000|  0%| F|  |TAMS 0x00000000a4900000, 0x00000000a4900000| Untracked 
|  60|0x00000000a4a00000, 0x00000000a4a00000, 0x00000000a4b00000|  0%| F|  |TAMS 0x00000000a4a00000, 0x00000000a4a00000| Untracked 
|  61|0x00000000a4b00000, 0x00000000a4b00000, 0x00000000a4c00000|  0%| F|  |TAMS 0x00000000a4b00000, 0x00000000a4b00000| Untracked 
|  62|0x00000000a4c00000, 0x00000000a4c00000, 0x00000000a4d00000|  0%| F|  |TAMS 0x00000000a4c00000, 0x00000000a4c00000| Untracked 
|  63|0x00000000a4d00000, 0x00000000a4d00000, 0x00000000a4e00000|  0%| F|  |TAMS 0x00000000a4d00000, 0x00000000a4d00000| Untracked 
|  64|0x00000000a4e00000, 0x00000000a4e00000, 0x00000000a4f00000|  0%| F|  |TAMS 0x00000000a4e00000, 0x00000000a4e00000| Untracked 
|  65|0x00000000a4f00000, 0x00000000a4f00000, 0x00000000a5000000|  0%| F|  |TAMS 0x00000000a4f00000, 0x00000000a4f00000| Untracked 
|  66|0x00000000a5000000, 0x00000000a5000000, 0x00000000a5100000|  0%| F|  |TAMS 0x00000000a5000000, 0x00000000a5000000| Untracked 
|  67|0x00000000a5100000, 0x00000000a5100000, 0x00000000a5200000|  0%| F|  |TAMS 0x00000000a5100000, 0x00000000a5100000| Untracked 
|  68|0x00000000a5200000, 0x00000000a5200000, 0x00000000a5300000|  0%| F|  |TAMS 0x00000000a5200000, 0x00000000a5200000| Untracked 
|  69|0x00000000a5300000, 0x00000000a5300000, 0x00000000a5400000|  0%| F|  |TAMS 0x00000000a5300000, 0x00000000a5300000| Untracked 
|  70|0x00000000a5400000, 0x00000000a5400000, 0x00000000a5500000|  0%| F|  |TAMS 0x00000000a5400000, 0x00000000a5400000| Untracked 
|  71|0x00000000a5500000, 0x00000000a5500000, 0x00000000a5600000|  0%| F|  |TAMS 0x00000000a5500000, 0x00000000a5500000| Untracked 
|  72|0x00000000a5600000, 0x00000000a5600000, 0x00000000a5700000|  0%| F|  |TAMS 0x00000000a5600000, 0x00000000a5600000| Untracked 
|  73|0x00000000a5700000, 0x00000000a5700000, 0x00000000a5800000|  0%| F|  |TAMS 0x00000000a5700000, 0x00000000a5700000| Untracked 
|  74|0x00000000a5800000, 0x00000000a5800000, 0x00000000a5900000|  0%| F|  |TAMS 0x00000000a5800000, 0x00000000a5800000| Untracked 
|  75|0x00000000a5900000, 0x00000000a5900000, 0x00000000a5a00000|  0%| F|  |TAMS 0x00000000a5900000, 0x00000000a5900000| Untracked 
|  76|0x00000000a5a00000, 0x00000000a5a00000, 0x00000000a5b00000|  0%| F|  |TAMS 0x00000000a5a00000, 0x00000000a5a00000| Untracked 
|  77|0x00000000a5b00000, 0x00000000a5b00000, 0x00000000a5c00000|  0%| F|  |TAMS 0x00000000a5b00000, 0x00000000a5b00000| Untracked 
|  78|0x00000000a5c00000, 0x00000000a5d00000, 0x00000000a5d00000|100%| E|  |TAMS 0x00000000a5c00000, 0x00000000a5c00000| Complete 
|  79|0x00000000a5d00000, 0x00000000a5e00000, 0x00000000a5e00000|100%| E|CS|TAMS 0x00000000a5d00000, 0x00000000a5d00000| Complete 
|  80|0x00000000a5e00000, 0x00000000a5f00000, 0x00000000a5f00000|100%| E|CS|TAMS 0x00000000a5e00000, 0x00000000a5e00000| Complete 
|  81|0x00000000a5f00000, 0x00000000a6000000, 0x00000000a6000000|100%| E|CS|TAMS 0x00000000a5f00000, 0x00000000a5f00000| Complete 
|  82|0x00000000a6000000, 0x00000000a6100000, 0x00000000a6100000|100%| E|CS|TAMS 0x00000000a6000000, 0x00000000a6000000| Complete 
|  83|0x00000000a6100000, 0x00000000a6200000, 0x00000000a6200000|100%| E|CS|TAMS 0x00000000a6100000, 0x00000000a6100000| Complete 
|  84|0x00000000a6200000, 0x00000000a6300000, 0x00000000a6300000|100%| E|CS|TAMS 0x00000000a6200000, 0x00000000a6200000| Complete 
|  85|0x00000000a6300000, 0x00000000a6400000, 0x00000000a6400000|100%| E|CS|TAMS 0x00000000a6300000, 0x00000000a6300000| Complete 
|  86|0x00000000a6400000, 0x00000000a6500000, 0x00000000a6500000|100%| E|CS|TAMS 0x00000000a6400000, 0x00000000a6400000| Complete 
|  87|0x00000000a6500000, 0x00000000a6600000, 0x00000000a6600000|100%| E|CS|TAMS 0x00000000a6500000, 0x00000000a6500000| Complete 
|  88|0x00000000a6600000, 0x00000000a6700000, 0x00000000a6700000|100%| E|CS|TAMS 0x00000000a6600000, 0x00000000a6600000| Complete 
|  89|0x00000000a6700000, 0x00000000a6800000, 0x00000000a6800000|100%| E|CS|TAMS 0x00000000a6700000, 0x00000000a6700000| Complete 
|  90|0x00000000a6800000, 0x00000000a6900000, 0x00000000a6900000|100%| E|CS|TAMS 0x00000000a6800000, 0x00000000a6800000| Complete 
|  91|0x00000000a6900000, 0x00000000a6a00000, 0x00000000a6a00000|100%| E|CS|TAMS 0x00000000a6900000, 0x00000000a6900000| Complete 
|  92|0x00000000a6a00000, 0x00000000a6b00000, 0x00000000a6b00000|100%| E|CS|TAMS 0x00000000a6a00000, 0x00000000a6a00000| Complete 
|  93|0x00000000a6b00000, 0x00000000a6c00000, 0x00000000a6c00000|100%| E|CS|TAMS 0x00000000a6b00000, 0x00000000a6b00000| Complete 
|  94|0x00000000a6c00000, 0x00000000a6d00000, 0x00000000a6d00000|100%| E|CS|TAMS 0x00000000a6c00000, 0x00000000a6c00000| Complete 
|  95|0x00000000a6d00000, 0x00000000a6e00000, 0x00000000a6e00000|100%| E|CS|TAMS 0x00000000a6d00000, 0x00000000a6d00000| Complete 

Card table byte_map: [0x000001562a940000,0x000001562ac40000] _byte_map_base: 0x000001562a439000

Marking Bits (Prev, Next): (CMBitMap*) 0x0000015615912f20, (CMBitMap*) 0x0000015615912ee8
 Prev Bits: [0x000001562c710000, 0x000001562ded8000)
 Next Bits: [0x000001562af40000, 0x000001562c708000)

Polling page: 0x00000156159c0000

Metaspace:

Usage:
  Non-class:     22.89 MB capacity,    22.68 MB (>99%) used,   184.10 KB ( <1%) free+waste,    37.75 KB ( <1%) overhead. 
      Class:      2.84 MB capacity,     2.69 MB ( 95%) used,   130.20 KB (  4%) free+waste,    17.31 KB ( <1%) overhead. 
       Both:     25.73 MB capacity,    25.37 MB ( 99%) used,   314.30 KB (  1%) free+waste,    55.06 KB ( <1%) overhead. 

Virtual space:
  Non-class space:       24.00 MB reserved,      23.00 MB ( 96%) committed 
      Class space:        1.00 GB reserved,       2.88 MB ( <1%) committed 
             Both:        1.02 GB reserved,      25.88 MB (  2%) committed 

Chunk freelists:
   Non-Class:  45.00 KB
       Class:  8.00 KB
        Both:  53.00 KB

MaxMetaspaceSize: 17179869184.00 GB
CompressedClassSpaceSize: 1.00 GB
Initial GC threshold: 20.80 MB
Current GC threshold: 35.00 MB
CDS: off

CodeHeap 'non-profiled nmethods': size=120000Kb used=722Kb max_used=722Kb free=119277Kb
 bounds [0x00000156226a0000, 0x0000015622910000, 0x0000015629bd0000]
CodeHeap 'profiled nmethods': size=120000Kb used=4323Kb max_used=4323Kb free=115676Kb
 bounds [0x000001561b170000, 0x000001561b5b0000, 0x00000156226a0000]
CodeHeap 'non-nmethods': size=5760Kb used=1228Kb max_used=1240Kb free=4531Kb
 bounds [0x000001561abd0000, 0x000001561ae40000, 0x000001561b170000]
 total_blobs=2631 nmethods=2126 adapters=417
 compilation: enabled
              stopped_count=0, restarted_count=0
 full_count=0

Compilation events (20 events):
Event: 7.755 Thread 0x0000015630997000 nmethod 2122 0x000001561b5a3d10 code [0x000001561b5a3ec0, 0x000001561b5a4088]
Event: 7.755 Thread 0x0000015630997000 2123       1       org.jetbrains.kotlin.org.jdom.Attribute::getName (5 bytes)
Event: 7.755 Thread 0x0000015630997000 nmethod 2123 0x0000015622754210 code [0x00000156227543c0, 0x0000015622754478]
Event: 7.755 Thread 0x0000015630997000 2124       1       org.jetbrains.kotlin.org.jdom.Namespace::getURI (5 bytes)
Event: 7.755 Thread 0x0000015630997000 nmethod 2124 0x0000015622754510 code [0x00000156227546c0, 0x0000015622754778]
Event: 7.755 Thread 0x0000015630997000 2125       1       org.jetbrains.kotlin.org.jdom.Attribute::getNamespace (5 bytes)
Event: 7.755 Thread 0x0000015630997000 nmethod 2125 0x0000015622754810 code [0x00000156227549c0, 0x0000015622754a78]
Event: 7.756 Thread 0x0000015630997000 2126       3       com.sun.org.apache.xerces.internal.impl.XMLEntityScanner::skipSpaces (350 bytes)
Event: 7.757 Thread 0x0000015630997000 nmethod 2126 0x000001561b5a4110 code [0x000001561b5a43a0, 0x000001561b5a4f08]
Event: 7.757 Thread 0x0000015630997000 2127       3       com.sun.org.apache.xerces.internal.utils.XMLSecurityManager::isOverLimit (111 bytes)
Event: 7.758 Thread 0x0000015630997000 nmethod 2127 0x000001561b5a5390 code [0x000001561b5a55a0, 0x000001561b5a5bd8]
Event: 7.758 Thread 0x0000015630997000 2128       3       com.sun.org.apache.xerces.internal.utils.XMLSecurityManager::isOverLimit (10 bytes)
Event: 7.758 Thread 0x0000015630997000 nmethod 2128 0x000001561b5a5f10 code [0x000001561b5a60c0, 0x000001561b5a6208]
Event: 7.768 Thread 0x0000015630995000 2129   !   4       jdk.internal.loader.BuiltinClassLoader::loadClassOrNull (143 bytes)
Event: 7.770 Thread 0x0000015630997000 2130       3       org.jetbrains.kotlin.org.jdom.Attribute::getNamespaceURI (8 bytes)
Event: 7.770 Thread 0x0000015630997000 nmethod 2130 0x000001561b5a6310 code [0x000001561b5a64c0, 0x000001561b5a65d8]
Event: 7.780 Thread 0x0000015630997000 2132       3       java.lang.invoke.DirectMethodHandle::shouldBeInitialized (123 bytes)
Event: 7.782 Thread 0x0000015630997000 nmethod 2132 0x000001561b5a6690 code [0x000001561b5a6a80, 0x000001561b5a80d8]
Event: 7.791 Thread 0x0000015630997000 2133       3       java.util.HashMap$HashIterator::<init> (79 bytes)
Event: 7.792 Thread 0x0000015630997000 nmethod 2133 0x000001561b5a8790 code [0x000001561b5a8960, 0x000001561b5a8d78]

GC Heap History (4 events):
Event: 2.092 GC heap before
{Heap before GC invocations=0 (full 0):
 garbage-first heap   total 98304K, used 27648K [0x00000000a0e00000, 0x0000000100000000)
  region size 1024K, 24 young (24576K), 0 survivors (0K)
 Metaspace       used 12436K, capacity 12593K, committed 12672K, reserved 1060864K
  class space    used 1121K, capacity 1150K, committed 1152K, reserved 1048576K
}
Event: 2.106 GC heap after
{Heap after GC invocations=1 (full 0):
 garbage-first heap   total 98304K, used 6290K [0x00000000a0e00000, 0x0000000100000000)
  region size 1024K, 3 young (3072K), 3 survivors (3072K)
 Metaspace       used 12436K, capacity 12593K, committed 12672K, reserved 1060864K
  class space    used 1121K, capacity 1150K, committed 1152K, reserved 1048576K
}
Event: 6.231 GC heap before
{Heap before GC invocations=1 (full 0):
 garbage-first heap   total 98304K, used 42130K [0x00000000a0e00000, 0x0000000100000000)
  region size 1024K, 39 young (39936K), 3 survivors (3072K)
 Metaspace       used 20937K, capacity 21188K, committed 21248K, reserved 1069056K
  class space    used 2196K, capacity 2301K, committed 2304K, reserved 1048576K
}
Event: 6.255 GC heap after
{Heap after GC invocations=2 (full 0):
 garbage-first heap   total 98304K, used 10008K [0x00000000a0e00000, 0x0000000100000000)
  region size 1024K, 7 young (7168K), 7 survivors (7168K)
 Metaspace       used 20937K, capacity 21188K, committed 21248K, reserved 1069056K
  class space    used 2196K, capacity 2301K, committed 2304K, reserved 1048576K
}

Deoptimization events (20 events):
Event: 7.670 Thread 0x00000156158dd000 Uncommon trap: trap_request=0xffffffde fr.pc=0x00000156226e4304 relative=0x0000000000000064
Event: 7.670 Thread 0x00000156158dd000 Uncommon trap: reason=class_check action=maybe_recompile pc=0x00000156226e4304 method=java.util.Collections$UnmodifiableCollection.size()I @ 4 c2
Event: 7.670 Thread 0x00000156158dd000 DEOPT PACKING pc=0x00000156226e4304 sp=0x0000000195cfc4e0
Event: 7.670 Thread 0x00000156158dd000 DEOPT UNPACKING pc=0x000001561ac1a1af sp=0x0000000195cfc470 mode 2
Event: 7.670 Thread 0x00000156158dd000 Uncommon trap: trap_request=0xffffffde fr.pc=0x00000156226e4304 relative=0x0000000000000064
Event: 7.670 Thread 0x00000156158dd000 Uncommon trap: reason=class_check action=maybe_recompile pc=0x00000156226e4304 method=java.util.Collections$UnmodifiableCollection.size()I @ 4 c2
Event: 7.670 Thread 0x00000156158dd000 DEOPT PACKING pc=0x00000156226e4304 sp=0x0000000195cfc4e0
Event: 7.670 Thread 0x00000156158dd000 DEOPT UNPACKING pc=0x000001561ac1a1af sp=0x0000000195cfc470 mode 2
Event: 7.671 Thread 0x00000156158dd000 Uncommon trap: trap_request=0xffffffde fr.pc=0x00000156226e4304 relative=0x0000000000000064
Event: 7.671 Thread 0x00000156158dd000 Uncommon trap: reason=class_check action=maybe_recompile pc=0x00000156226e4304 method=java.util.Collections$UnmodifiableCollection.size()I @ 4 c2
Event: 7.671 Thread 0x00000156158dd000 DEOPT PACKING pc=0x00000156226e4304 sp=0x0000000195cfc4e0
Event: 7.671 Thread 0x00000156158dd000 DEOPT UNPACKING pc=0x000001561ac1a1af sp=0x0000000195cfc470 mode 2
Event: 7.671 Thread 0x00000156158dd000 Uncommon trap: trap_request=0xffffffde fr.pc=0x00000156226e4304 relative=0x0000000000000064
Event: 7.671 Thread 0x00000156158dd000 Uncommon trap: reason=class_check action=maybe_recompile pc=0x00000156226e4304 method=java.util.Collections$UnmodifiableCollection.size()I @ 4 c2
Event: 7.671 Thread 0x00000156158dd000 DEOPT PACKING pc=0x00000156226e4304 sp=0x0000000195cfc4e0
Event: 7.671 Thread 0x00000156158dd000 DEOPT UNPACKING pc=0x000001561ac1a1af sp=0x0000000195cfc470 mode 2
Event: 7.770 Thread 0x00000156158dd000 Uncommon trap: trap_request=0xffffff4d fr.pc=0x0000015622723324 relative=0x00000000000005e4
Event: 7.770 Thread 0x00000156158dd000 Uncommon trap: reason=unstable_if action=reinterpret pc=0x0000015622723324 method=java.lang.Integer.getChars(II[B)I @ 25 c2
Event: 7.770 Thread 0x00000156158dd000 DEOPT PACKING pc=0x0000015622723324 sp=0x0000000195cfe9a0
Event: 7.770 Thread 0x00000156158dd000 DEOPT UNPACKING pc=0x000001561ac1a1af sp=0x0000000195cfe890 mode 2

Classes redefined (0 events):
No events

Internal exceptions (20 events):
Event: 3.681 Thread 0x00000156158dd000 Exception <a 'java/lang/NoSuchMethodError'{0x00000000a5663098}: 'void java.lang.invoke.DelegatingMethodHandle$Holder.reinvoke_L(java.lang.Object, java.lang.Object, java.lang.Object, long, java.lang.Object)'> (0x00000000a5663098) thrown at [./src/hotspot/share/interpreter/linkResolver.cpp, line 773]
Event: 3.689 Thread 0x00000156158dd000 Exception <a 'java/lang/NoSuchMethodError'{0x00000000a566c918}: 'java.lang.Object java.lang.invoke.DirectMethodHandle$Holder.invokeSpecial(java.lang.Object, java.lang.Object, java.lang.Object, java.lang.Object, long)'> (0x00000000a566c918) thrown at [./src/hotspot/share/interpreter/linkResolver.cpp, line 773]
Event: 3.691 Thread 0x00000156158dd000 Exception <a 'java/lang/NoSuchMethodError'{0x00000000a566fe70}: 'java.lang.Object java.lang.invoke.DelegatingMethodHandle$Holder.reinvoke_L(java.lang.Object, java.lang.Object, java.lang.Object, long)'> (0x00000000a566fe70) thrown at [./src/hotspot/share/interpreter/linkResolver.cpp, line 773]
Event: 3.703 Thread 0x00000156158dd000 Exception <a 'java/lang/NoSuchMethodError'{0x00000000a568a578}: 'long java.lang.invoke.Invokers$Holder.invoke_MT(java.lang.Object, java.lang.Object, java.lang.Object, java.lang.Object)'> (0x00000000a568a578) thrown at [./src/hotspot/share/interpreter/linkResolver.cpp, line 773]
Event: 3.704 Thread 0x00000156158dd000 Exception <a 'java/lang/NoSuchMethodError'{0x00000000a568dbf8}: 'long java.lang.invoke.DelegatingMethodHandle$Holder.reinvoke_L(java.lang.Object, java.lang.Object, java.lang.Object)'> (0x00000000a568dbf8) thrown at [./src/hotspot/share/interpreter/linkResolver.cpp, line 773]
Event: 3.706 Thread 0x00000156158dd000 Exception <a 'java/lang/NoSuchMethodError'{0x00000000a56978b8}: 'int java.lang.invoke.DirectMethodHandle$Holder.invokeSpecial(java.lang.Object, java.lang.Object, java.lang.Object, java.lang.Object)'> (0x00000000a56978b8) thrown at [./src/hotspot/share/interpreter/linkResolver.cpp, line 773]
Event: 3.711 Thread 0x00000156158dd000 Exception <a 'java/lang/NoSuchMethodError'{0x00000000a56a6698}: 'int java.lang.invoke.DelegatingMethodHandle$Holder.reinvoke_L(java.lang.Object, java.lang.Object, java.lang.Object, long, int)'> (0x00000000a56a6698) thrown at [./src/hotspot/share/interpreter/linkResolver.cpp, line 773]
Event: 4.819 Thread 0x00000156158dd000 Exception <a 'java/lang/NoSuchMethodError'{0x00000000a4ffad60}: 'int java.lang.invoke.DirectMethodHandle$Holder.invokeSpecialIFC(java.lang.Object, java.lang.Object, int)'> (0x00000000a4ffad60) thrown at [./src/hotspot/share/interpreter/linkResolver.cpp, line 773]
Event: 6.227 Thread 0x00000156158dd000 Exception <a 'java/lang/NoSuchMethodError'{0x00000000a47474e8}: 'java.lang.Object java.lang.invoke.DirectMethodHandle$Holder.invokeStaticInit(java.lang.Object, int)'> (0x00000000a47474e8) thrown at [./src/hotspot/share/interpreter/linkResolver.cpp, line 773]
Event: 6.644 Thread 0x00000156158dd000 Exception <a 'java/lang/NoSuchMethodError'{0x00000000a6cbcec8}: 'long java.lang.invoke.DirectMethodHandle$Holder.invokeStatic(java.lang.Object)'> (0x00000000a6cbcec8) thrown at [./src/hotspot/share/interpreter/linkResolver.cpp, line 773]
Event: 6.645 Thread 0x00000156158dd000 Exception <a 'java/lang/NoSuchMethodError'{0x00000000a6cbfd20}: 'long java.lang.invoke.DirectMethodHandle$Holder.invokeStaticInit(java.lang.Object)'> (0x00000000a6cbfd20) thrown at [./src/hotspot/share/interpreter/linkResolver.cpp, line 773]
Event: 6.930 Thread 0x00000156158dd000 Exception <a 'java/lang/NoSuchMethodError'{0x00000000a6869ec8}: 'int java.lang.invoke.DirectMethodHandle$Holder.invokeStaticInit(java.lang.Object, java.lang.Object, java.lang.Object)'> (0x00000000a6869ec8) thrown at [./src/hotspot/share/interpreter/linkResolver.cpp, line 773]
Event: 6.991 Thread 0x00000156158dd000 Exception <a 'java/lang/NoSuchMethodError'{0x00000000a68957f8}: 'int java.lang.invoke.DirectMethodHandle$Holder.invokeStaticInit(java.lang.Object, java.lang.Object)'> (0x00000000a68957f8) thrown at [./src/hotspot/share/interpreter/linkResolver.cpp, line 773]
Event: 7.124 Thread 0x00000156158dd000 Exception <a 'java/lang/NoSuchMethodError'{0x00000000a66a7ef0}: 'void java.lang.invoke.DirectMethodHandle$Holder.invokeSpecial(java.lang.Object, java.lang.Object)'> (0x00000000a66a7ef0) thrown at [./src/hotspot/share/interpreter/linkResolver.cpp, line 773]
Event: 7.658 Thread 0x00000156158dd000 Exception <a 'java/lang/NoSuchMethodError'{0x00000000a5d0d9f0}: 'java.lang.Object java.lang.invoke.DirectMethodHandle$Holder.invokeStatic(java.lang.Object, java.lang.Object, java.lang.Object, java.lang.Object, java.lang.Object, java.lang.Object, java.lang.Object, java.lang.Object, java.lang.Object, java.lang.Object, java.lang.Object, java.lang.Object, java.lang.Object, java.lang.Object, java.lang.Object)'> (0x00000000a5d0d9f0) thrown at [./src/hotspot/share/interpreter/linkResolver.cpp, line 773]
Event: 7.662 Thread 0x00000156158dd000 Exception <a 'java/lang/NoSuchMethodError'{0x00000000a5d1b9f8}: 'java.lang.Object java.lang.invoke.DirectMethodHandle$Holder.invokeStatic(java.lang.Object, java.lang.Object, java.lang.Object, java.lang.Object, java.lang.Object, java.lang.Object, java.lang.Object, java.lang.Object, java.lang.Object, java.lang.Object, java.lang.Object, java.lang.Object, java.lang.Object, java.lang.Object, java.lang.Object, java.lang.Object)'> (0x00000000a5d1b9f8) thrown at [./src/hotspot/share/interpreter/linkResolver.cpp, l
Event: 7.665 Thread 0x00000156158dd000 Exception <a 'java/lang/NoSuchMethodError'{0x00000000a5d29910}: 'java.lang.Object java.lang.invoke.DirectMethodHandle$Holder.invokeSpecial(java.lang.Object, java.lang.Object, int, int, java.lang.Object, java.lang.Object, java.lang.Object)'> (0x00000000a5d29910) thrown at [./src/hotspot/share/interpreter/linkResolver.cpp, line 773]
Event: 7.665 Thread 0x00000156158dd000 Exception <a 'java/lang/NoSuchMethodError'{0x00000000a5d2d148}: 'java.lang.Object java.lang.invoke.DelegatingMethodHandle$Holder.reinvoke_L(java.lang.Object, int, int, java.lang.Object, java.lang.Object, java.lang.Object)'> (0x00000000a5d2d148) thrown at [./src/hotspot/share/interpreter/linkResolver.cpp, line 773]
Event: 7.667 Thread 0x00000156158dd000 Exception <a 'java/lang/NoSuchMethodError'{0x00000000a5d314d0}: 'java.lang.Object java.lang.invoke.DirectMethodHandle$Holder.invokeStatic(java.lang.Object, java.lang.Object, java.lang.Object, java.lang.Object, int)'> (0x00000000a5d314d0) thrown at [./src/hotspot/share/interpreter/linkResolver.cpp, line 773]
Event: 7.780 Thread 0x00000156158dd000 Exception <a 'java/lang/NoSuchMethodError'{0x00000000a5c56138}: 'void java.lang.invoke.DirectMethodHandle$Holder.invokeStatic(java.lang.Object, java.lang.Object, java.lang.Object, java.lang.Object)'> (0x00000000a5c56138) thrown at [./src/hotspot/share/interpreter/linkResolver.cpp, line 773]

Events (20 events):
Event: 7.781 loading class org/jetbrains/kotlin/com/intellij/openapi/extensions/impl/ExtensionProcessingHelper
Event: 7.781 loading class org/jetbrains/kotlin/com/intellij/openapi/extensions/impl/ExtensionProcessingHelper done
Event: 7.782 loading class org/jetbrains/kotlin/com/intellij/util/keyFMap/OneElementFMap
Event: 7.782 loading class org/jetbrains/kotlin/com/intellij/util/keyFMap/OneElementFMap done
Event: 7.784 loading class org/jetbrains/kotlin/idea/KotlinFileType
Event: 7.784 loading class org/jetbrains/kotlin/idea/KotlinFileType done
Event: 7.784 loading class org/jetbrains/kotlin/idea/KotlinLanguage
Event: 7.784 loading class org/jetbrains/kotlin/idea/KotlinLanguage done
Event: 7.785 loading class org/jetbrains/kotlin/idea/KotlinFileType$1
Event: 7.785 loading class org/jetbrains/kotlin/idea/KotlinFileType$1 done
Event: 7.787 loading class org/jetbrains/kotlin/parsing/KotlinParserDefinition
Event: 7.787 loading class org/jetbrains/kotlin/parsing/KotlinParserDefinition done
Event: 7.788 loading class org/jetbrains/kotlin/parsing/KotlinParserDefinition$Companion
Event: 7.788 loading class org/jetbrains/kotlin/parsing/KotlinParserDefinition$Companion done
Event: 7.788 loading class org/jetbrains/kotlin/psi/stubs/elements/KtFileElementType
Event: 7.788 loading class org/jetbrains/kotlin/psi/stubs/elements/KtFileElementType done
Event: 7.790 loading class org/jetbrains/kotlin/psi/stubs/KotlinFileStub
Event: 7.790 loading class org/jetbrains/kotlin/psi/stubs/KotlinFileStub done
Event: 7.791 loading class org/jetbrains/kotlin/load/kotlin/KotlinBinaryClassCache
Event: 7.791 loading class org/jetbrains/kotlin/load/kotlin/KotlinBinaryClassCache done


Dynamic libraries:
0x00007ff7b43f0000 - 0x00007ff7b43fa000 	E:\Android studio\jre\bin\java.exe
0x00007ffb21fd0000 - 0x00007ffb221c8000 	C:\WINDOWS\SYSTEM32\ntdll.dll
0x00007ffb204f0000 - 0x00007ffb205af000 	C:\WINDOWS\System32\KERNEL32.DLL
0x00007ffb1f7b0000 - 0x00007ffb1faa6000 	C:\WINDOWS\System32\KERNELBASE.dll
0x00007ffb1ff30000 - 0x00007ffb20030000 	C:\WINDOWS\System32\ucrtbase.dll
0x00007ffb01240000 - 0x00007ffb01257000 	E:\Android studio\jre\bin\VCRUNTIME140.dll
0x00007ffb02460000 - 0x00007ffb02479000 	E:\Android studio\jre\bin\jli.dll
0x00007ffb205b0000 - 0x00007ffb2074d000 	C:\WINDOWS\System32\USER32.dll
0x00007ffb1f780000 - 0x00007ffb1f7a2000 	C:\WINDOWS\System32\win32u.dll
0x00007ffb00bc0000 - 0x00007ffb00e5a000 	C:\WINDOWS\WinSxS\amd64_microsoft.windows.common-controls_6595b64144ccf1df_6.0.19041.1110_none_60b5254171f9507e\COMCTL32.dll
0x00007ffb20e10000 - 0x00007ffb20e3c000 	C:\WINDOWS\System32\GDI32.dll
0x00007ffb21ef0000 - 0x00007ffb21f8e000 	C:\WINDOWS\System32\msvcrt.dll
0x00007ffb1fd50000 - 0x00007ffb1fe65000 	C:\WINDOWS\System32\gdi32full.dll
0x00007ffb1f6e0000 - 0x00007ffb1f77d000 	C:\WINDOWS\System32\msvcp_win.dll
0x00007ffb20750000 - 0x00007ffb20780000 	C:\WINDOWS\System32\IMM32.DLL
0x00007ffaf0110000 - 0x00007ffaf01ad000 	E:\Android studio\jre\bin\msvcp140.dll
0x00007ffad4f00000 - 0x00007ffad5a02000 	E:\Android studio\jre\bin\server\jvm.dll
0x00007ffb215e0000 - 0x00007ffb2168f000 	C:\WINDOWS\System32\ADVAPI32.dll
0x00007ffb20d70000 - 0x00007ffb20e0c000 	C:\WINDOWS\System32\sechost.dll
0x00007ffb201d0000 - 0x00007ffb202f6000 	C:\WINDOWS\System32\RPCRT4.dll
0x00007ffb20e40000 - 0x00007ffb20e48000 	C:\WINDOWS\System32\PSAPI.DLL
0x00007ffb03060000 - 0x00007ffb03069000 	C:\WINDOWS\SYSTEM32\WSOCK32.dll
0x00007ffb20d00000 - 0x00007ffb20d6b000 	C:\WINDOWS\System32\WS2_32.dll
0x00007ffb158f0000 - 0x00007ffb15917000 	C:\WINDOWS\SYSTEM32\WINMM.dll
0x00007ffb160d0000 - 0x00007ffb160da000 	C:\WINDOWS\SYSTEM32\VERSION.dll
0x00007ffb1d560000 - 0x00007ffb1d572000 	C:\WINDOWS\SYSTEM32\kernel.appcore.dll
0x00007ffb1ce60000 - 0x00007ffb1ce71000 	E:\Android studio\jre\bin\verify.dll
0x00007ffb14d00000 - 0x00007ffb14ee4000 	C:\WINDOWS\SYSTEM32\DBGHELP.DLL
0x00007ffb14cc0000 - 0x00007ffb14cf4000 	C:\WINDOWS\SYSTEM32\dbgcore.DLL
0x00007ffb1fab0000 - 0x00007ffb1fb32000 	C:\WINDOWS\System32\bcryptPrimitives.dll
0x00007ffb0ff50000 - 0x00007ffb0ff79000 	E:\Android studio\jre\bin\java.dll
0x00007ffb1cdd0000 - 0x00007ffb1cddb000 	E:\Android studio\jre\bin\jimage.dll
0x00007ffb1a700000 - 0x00007ffb1a718000 	E:\Android studio\jre\bin\zip.dll
0x00007ffb21720000 - 0x00007ffb21e64000 	C:\WINDOWS\System32\SHELL32.dll
0x00007ffb1d760000 - 0x00007ffb1def4000 	C:\WINDOWS\SYSTEM32\windows.storage.dll
0x00007ffb20780000 - 0x00007ffb20ad4000 	C:\WINDOWS\System32\combase.dll
0x00007ffb1f020000 - 0x00007ffb1f04e000 	C:\WINDOWS\SYSTEM32\Wldp.dll
0x00007ffb20f20000 - 0x00007ffb20fcd000 	C:\WINDOWS\System32\SHCORE.dll
0x00007ffb21580000 - 0x00007ffb215d5000 	C:\WINDOWS\System32\shlwapi.dll
0x00007ffb1f5e0000 - 0x00007ffb1f605000 	C:\WINDOWS\SYSTEM32\profapi.dll
0x00007ffb197f0000 - 0x00007ffb1980a000 	E:\Android studio\jre\bin\net.dll
0x00007ffb12ff0000 - 0x00007ffb130fa000 	C:\WINDOWS\SYSTEM32\WINHTTP.dll
0x00007ffb1ed80000 - 0x00007ffb1edea000 	C:\WINDOWS\system32\mswsock.dll
0x00007ffb18550000 - 0x00007ffb18564000 	E:\Android studio\jre\bin\nio.dll

dbghelp: loaded successfully - version: 4.0.5 - missing functions: none
symbol engine: initialized successfully - sym options: 0x614 - pdb path: .;E:\Android studio\jre\bin;C:\WINDOWS\SYSTEM32;C:\WINDOWS\WinSxS\amd64_microsoft.windows.common-controls_6595b64144ccf1df_6.0.19041.1110_none_60b5254171f9507e;E:\Android studio\jre\bin\server

VM Arguments:
java_command: org.jetbrains.kotlin.cli.jvm.K2JVMCompiler @C:\Users\Marko\AndroidStudioProjects\LecturePresenceApp\app\build\20230806_9721299862370722560.compiler.options
java_class_path (initial): C:\Users\Marko\.gradle\caches\modules-2\files-2.1\org.jetbrains.kotlin\kotlin-compiler-embeddable\1.7.10\909803167c98606fcf22b4c848647c68e351d48d\kotlin-compiler-embeddable-1.7.10.jar;C:\Users\Marko\.gradle\caches\modules-2\files-2.1\org.jetbrains.kotlin\kotlin-reflect\1.7.10\165e600dfea6185cf5efa700756294cc4904dbeb\kotlin-reflect-1.7.10.jar;C:\Users\Marko\.gradle\caches\modules-2\files-2.1\org.jetbrains.kotlin\kotlin-stdlib\1.7.10\d2abf9e77736acc4450dc4a3f707fa2c10f5099d\kotlin-stdlib-1.7.10.jar;C:\Users\Marko\.gradle\caches\modules-2\files-2.1\org.jetbrains.kotlin\kotlin-script-runtime\1.7.10\c99c87a6988d8fd8d5142e9ed5c9f34a7cf561ee\kotlin-script-runtime-1.7.10.jar;C:\Users\Marko\.gradle\caches\modules-2\files-2.1\org.jetbrains.kotlin\kotlin-daemon-embeddable\1.7.10\3a9f7aef7080d3ae63126cbba4f827ed664f32fa\kotlin-daemon-embeddable-1.7.10.jar;C:\Users\Marko\.gradle\caches\modules-2\files-2.1\org.jetbrains.intellij.deps\trove4j\1.0.20200330\3afb14d5f9ceb459d724e907a21145e8ff394f02\trove4j-1.0.20200330.jar;C:\Users\Marko\.gradle\caches\modules-2\files-2.1\net.java.dev.jna\jna\5.6.0\330f2244e9030119ab3030fc3fededc86713d9cc\jna-5.6.0.jar;C:\Users\Marko\.gradle\caches\modules-2\files-2.1\org.jetbrains.kotlin\kotlin-stdlib-common\1.7.10\bac80c520d0a9e3f3673bc2658c6ed02ef45a76a\kotlin-stdlib-common-1.7.10.jar;C:\Users\Marko\.gradle\caches\modules-2\files-2.1\org.jetbrains\annotations\13.0\919f0dfe192fb4e063e7dacadee7f8bb9a2672a9\annotations-13.0.jar
Launcher Type: SUN_STANDARD

[Global flags]
     intx CICompilerCount                          = 4                                         {product} {ergonomic}
     uint ConcGCThreads                            = 2                                         {product} {ergonomic}
     uint G1ConcRefinementThreads                  = 8                                         {product} {ergonomic}
   size_t G1HeapRegionSize                         = 1048576                                   {product} {ergonomic}
    uintx GCDrainStackTargetSize                   = 64                                        {product} {ergonomic}
   size_t InitialHeapSize                          = 100663296                                 {product} {ergonomic}
   size_t MarkStackSize                            = 4194304                                   {product} {ergonomic}
   size_t MaxHeapSize                              = 1595932672                                {product} {ergonomic}
   size_t MaxNewSize                               = 957349888                                 {product} {ergonomic}
   size_t MinHeapDeltaBytes                        = 1048576                                   {product} {ergonomic}
    uintx NonNMethodCodeHeapSize                   = 5836300                                {pd product} {ergonomic}
    uintx NonProfiledCodeHeapSize                  = 122910970                              {pd product} {ergonomic}
    uintx ProfiledCodeHeapSize                     = 122910970                              {pd product} {ergonomic}
    uintx ReservedCodeCacheSize                    = 251658240                              {pd product} {ergonomic}
     bool SegmentedCodeCache                       = true                                      {product} {ergonomic}
     bool UseCompressedClassPointers               = true                                 {lp64_product} {ergonomic}
     bool UseCompressedOops                        = true                                 {lp64_product} {ergonomic}
     bool UseG1GC                                  = true                                      {product} {ergonomic}
     bool UseLargePagesIndividualAllocation        = false                                  {pd product} {ergonomic}

Logging:
Log output configuration:
 #0: stdout all=warning uptime,level,tags
 #1: stderr all=off uptime,level,tags

Environment Variables:
PATH=C:\Python311\Scripts\;C:\Python311\;C:\Program Files\Common Files\Oracle\Java\javapath;C:\Program Files (x86)\Common Files\Oracle\Java\javapath;C:\WINDOWS\system32;C:\WINDOWS;C:\WINDOWS\System32\Wbem;C:\WINDOWS\System32\WindowsPowerShell\v1.0\;C:\WINDOWS\System32\OpenSSH\;C:\Program Files\dotnet\;C:\Program Files\Microsoft SQL Server\130\Tools\Binn\;C:\Program Files\Git\cmd;C:\Program Files\Microsoft SQL Server\Client SDK\ODBC\170\Tools\Binn\;C:\Program Files (x86)\Microsoft SQL Server\150\Tools\Binn\;C:\Program Files\Microsoft SQL Server\150\Tools\Binn\;C:\Program Files\Microsoft SQL Server\150\DTS\Binn\;C:\Program Files (x86)\Microsoft SQL Server\150\DTS\Binn\;C:\Program Files\Azure Data Studio\bin;E:\XAMPP\php;C:\ProgramData\ComposerSetup\bin;C:\ProgramData\chocolatey\bin;C:\Program Files\nodejs\;C:\Users\Marko\AppData\Local\Programs\Python\Python311\Scripts\;C:\Users\Marko\AppData\Local\Programs\Python\Python311\;C:\Python311\Scripts\;C:\Python311\;C:\Program Files\Common Files\Oracle\Java\javapath;C:\Program Files (x86)\Common Files\Oracle\Java\javapath;C:\WINDOWS\system32;C:\WINDOWS;C:\WINDOWS\System32\Wbem;C:\WINDOWS\System32\WindowsPowerShell\v1.0\;C:\WINDOWS\System32\OpenSSH\;C:\Program Files\dotnet\;C:\Program Files\Microsoft SQL Server\130\Tools\Binn\;C:\Program Files\Git\cmd;C:\Program Files\Microsoft SQL Server\Client SDK\ODBC\170\Tools\Binn\;C:\Program Files (x86)\Microsoft SQL Server\150\Tools\Binn\;C:\Program Files\Microsoft SQL Server\150\Tools\Binn\;C:\Program Files\Microsoft SQL Server\150\DTS\Binn\;C:\Program Files (x86)\Microsoft SQL Server\150\DTS\Binn\;C:\Program Files\Azure Data Studio\bin;E:\XAMPP\php;C:\ProgramData\ComposerSetup\bin;C:\ProgramData\chocolatey\bin;C:\Program Files\nodejs\;;\XAMPP\mysql\bin;C:\Program Files\nodejs\node_modules\npm\bin\npm;C:\Users\Marko\AppData\Local\Programs\Microsoft VS Code\bin;C:\Users\Marko\.dotnet\tools;C:\Users\Marko\AppData\Roaming\npm
USERNAME=Marko
OS=Windows_NT
PROCESSOR_IDENTIFIER=AMD64 Family 23 Model 24 Stepping 1, AuthenticAMD



---------------  S Y S T E M  ---------------

OS: Windows 10 , 64 bit Build 19041 (10.0.19041.3155)
OS uptime: 22 days 20:45 hours

CPU:total 8 (initial active 8) (8 cores per cpu, 2 threads per core) family 23 model 24 stepping 1 microcode 0x0, cmov, cx8, fxsr, mmx, sse, sse2, sse3, ssse3, sse4.1, sse4.2, popcnt, avx, avx2, aes, clmul, mmxext, 3dnowpref, lzcnt, sse4a, ht, tsc, tscinvbit, tscinv, bmi1, bmi2, adx, sha, fma

Memory: 4k page, system-wide physical 6082M (312M free)
TotalPageFile size 24514M (AvailPageFile size 132M)
current process WorkingSet (physical memory assigned to process): 129M, peak: 129M
current process commit charge ("private bytes"): 210M, peak: 210M

vm_info: OpenJDK 64-Bit Server VM (11.0.13+0-b1751.21-8125866) for windows-amd64 JRE (11.0.13+0-b1751.21-8125866), built on Feb  2 2022 03:00:22 by "builder" with MS VC++ 14.0 (VS2015)

END.
