#
# There is insufficient memory for the Java Runtime Environment to continue.
# Native memory allocation (mmap) failed to map 100663296 bytes for Failed to commit area from 0x00000000a0e00000 to 0x00000000a6e00000 of length 100663296.
# Possible reasons:
#   The system is out of physical RAM or swap space
#   The process is running with CompressedOops enabled, and the Java Heap may be blocking the growth of the native heap
# Possible solutions:
#   Reduce memory load on the system
#   Increase physical memory or swap space
#   Check if swap backing store is full
#   Decrease Java heap size (-Xmx/-Xms)
#   Decrease number of Java threads
#   Decrease Java thread stack sizes (-Xss)
#   Set larger code cache with -XX:ReservedCodeCacheSize=
# This output file may be truncated or incomplete.
#
#  Out of Memory Error (./src/hotspot/os/windows/os_windows.cpp:3619), pid=24548, tid=21796
#
# JRE version:  (11.0.13) (build )
# Java VM: OpenJDK 64-Bit Server VM (11.0.13+0-b1751.21-8125866, mixed mode, sharing, tiered, compressed oops, g1 gc, windows-amd64)
# No core dump will be written. Minidumps are not enabled by default on client versions of Windows
#

---------------  S U M M A R Y ------------

Command Line: org.jetbrains.kotlin.cli.jvm.K2JVMCompiler @C:\Users\Marko\AndroidStudioProjects\LecturePresenceApp\app\build\20230806_7516309004800167665.compiler.options

Host: AMD Ryzen 5 3550H with Radeon Vega Mobile Gfx  , 8 cores, 5G,  Windows 10 , 64 bit Build 19041 (10.0.19041.3155)
Time: Sun Aug  6 15:31:56 2023 Central European Daylight Time elapsed time: 0.017517 seconds (0d 0h 0m 0s)

---------------  T H R E A D  ---------------

Current thread (0x000002bd25bcf000):  JavaThread "Unknown thread" [_thread_in_vm, id=21796, stack(0x000000eab1b00000,0x000000eab1c00000)]

Stack: [0x000000eab1b00000,0x000000eab1c00000]
Native frames: (J=compiled Java code, j=interpreted, Vv=VM code, C=native code)
V  [jvm.dll+0x6100fa]
V  [jvm.dll+0x747090]
V  [jvm.dll+0x7486ad]
V  [jvm.dll+0x748d83]
V  [jvm.dll+0x24ab48]
V  [jvm.dll+0x60d164]
V  [jvm.dll+0x601e75]
V  [jvm.dll+0x308bdb]
V  [jvm.dll+0x308b4a]
V  [jvm.dll+0x308a22]
V  [jvm.dll+0x30d986]
V  [jvm.dll+0x357093]
V  [jvm.dll+0x357796]
V  [jvm.dll+0x357193]
V  [jvm.dll+0x2e3448]
V  [jvm.dll+0x2e45f7]
V  [jvm.dll+0x7242e7]
V  [jvm.dll+0x725adc]
V  [jvm.dll+0x364629]
V  [jvm.dll+0x707cee]
V  [jvm.dll+0x3d2633]
V  [jvm.dll+0x3d4a21]
C  [jli.dll+0x536b]
C  [ucrtbase.dll+0x21bb2]
C  [KERNEL32.DLL+0x17614]
C  [ntdll.dll+0x526b1]


---------------  P R O C E S S  ---------------

Threads class SMR info:
_java_thread_list=0x000002bd23ae4fd0, length=0, elements={
}

Java Threads: ( => current thread )

Other Threads:
  0x000002bd25be6000 GCTaskThread "GC Thread#0" [stack: 0x000000eab1c00000,0x000000eab1d00000] [id=11776]
  0x000002bd25c0b800 ConcurrentGCThread "G1 Main Marker" [stack: 0x000000eab1d00000,0x000000eab1e00000] [id=27576]
  0x000002bd25c0d000 ConcurrentGCThread "G1 Conc#0" [stack: 0x000000eab1e00000,0x000000eab1f00000] [id=17636]

[error occurred during error reporting (printing all threads), id 0xc0000005, EXCEPTION_ACCESS_VIOLATION (0xc0000005) at pc=0x00007ffad51f3dd7]

VM state:not at safepoint (not fully initialized)

VM Mutex/Monitor currently owned by a thread:  ([mutex/lock_event])
[0x000002bd23bbab70] Heap_lock - owner thread: 0x000002bd25bcf000

Heap address: 0x00000000a0e00000, size: 1522 MB, Compressed Oops mode: Non-zero based: 0x00000000a0e00000
Narrow klass base: 0x0000000000000000, Narrow klass shift: 0

GC Heap History (0 events):
No events

Deoptimization events (0 events):
No events

Classes redefined (0 events):
No events

Internal exceptions (0 events):
No events

Events (1 events):
Event: 0.009 Loaded shared library E:\Android studio\jre\bin\zip.dll


Dynamic libraries:
0x00007ff7b43f0000 - 0x00007ff7b43fa000 	E:\Android studio\jre\bin\java.exe
0x00007ffb21fd0000 - 0x00007ffb221c8000 	C:\WINDOWS\SYSTEM32\ntdll.dll
0x00007ffb204f0000 - 0x00007ffb205af000 	C:\WINDOWS\System32\KERNEL32.DLL
0x00007ffb1f7b0000 - 0x00007ffb1faa6000 	C:\WINDOWS\System32\KERNELBASE.dll
0x00007ffb1ff30000 - 0x00007ffb20030000 	C:\WINDOWS\System32\ucrtbase.dll
0x00007ffb02460000 - 0x00007ffb02479000 	E:\Android studio\jre\bin\jli.dll
0x00007ffb01240000 - 0x00007ffb01257000 	E:\Android studio\jre\bin\VCRUNTIME140.dll
0x00007ffb205b0000 - 0x00007ffb2074d000 	C:\WINDOWS\System32\USER32.dll
0x00007ffb00bc0000 - 0x00007ffb00e5a000 	C:\WINDOWS\WinSxS\amd64_microsoft.windows.common-controls_6595b64144ccf1df_6.0.19041.1110_none_60b5254171f9507e\COMCTL32.dll
0x00007ffb1f780000 - 0x00007ffb1f7a2000 	C:\WINDOWS\System32\win32u.dll
0x00007ffb20e10000 - 0x00007ffb20e3c000 	C:\WINDOWS\System32\GDI32.dll
0x00007ffb21ef0000 - 0x00007ffb21f8e000 	C:\WINDOWS\System32\msvcrt.dll
0x00007ffb1fd50000 - 0x00007ffb1fe65000 	C:\WINDOWS\System32\gdi32full.dll
0x00007ffb1f6e0000 - 0x00007ffb1f77d000 	C:\WINDOWS\System32\msvcp_win.dll
0x00007ffb20750000 - 0x00007ffb20780000 	C:\WINDOWS\System32\IMM32.DLL
0x00007ffaf0110000 - 0x00007ffaf01ad000 	E:\Android studio\jre\bin\msvcp140.dll
0x00007ffad4f00000 - 0x00007ffad5a02000 	E:\Android studio\jre\bin\server\jvm.dll
0x00007ffb215e0000 - 0x00007ffb2168f000 	C:\WINDOWS\System32\ADVAPI32.dll
0x00007ffb20d70000 - 0x00007ffb20e0c000 	C:\WINDOWS\System32\sechost.dll
0x00007ffb201d0000 - 0x00007ffb202f6000 	C:\WINDOWS\System32\RPCRT4.dll
0x00007ffb20e40000 - 0x00007ffb20e48000 	C:\WINDOWS\System32\PSAPI.DLL
0x00007ffb158f0000 - 0x00007ffb15917000 	C:\WINDOWS\SYSTEM32\WINMM.dll
0x00007ffb03060000 - 0x00007ffb03069000 	C:\WINDOWS\SYSTEM32\WSOCK32.dll
0x00007ffb160d0000 - 0x00007ffb160da000 	C:\WINDOWS\SYSTEM32\VERSION.dll
0x00007ffb20d00000 - 0x00007ffb20d6b000 	C:\WINDOWS\System32\WS2_32.dll
0x00007ffb1d560000 - 0x00007ffb1d572000 	C:\WINDOWS\SYSTEM32\kernel.appcore.dll
0x00007ffb1ce60000 - 0x00007ffb1ce71000 	E:\Android studio\jre\bin\verify.dll
0x00007ffb14d00000 - 0x00007ffb14ee4000 	C:\WINDOWS\SYSTEM32\DBGHELP.DLL
0x00007ffb14cc0000 - 0x00007ffb14cf4000 	C:\WINDOWS\SYSTEM32\dbgcore.DLL
0x00007ffb1fab0000 - 0x00007ffb1fb32000 	C:\WINDOWS\System32\bcryptPrimitives.dll
0x00007ffb0ff50000 - 0x00007ffb0ff79000 	E:\Android studio\jre\bin\java.dll
0x00007ffb1cdd0000 - 0x00007ffb1cddb000 	E:\Android studio\jre\bin\jimage.dll
0x00007ffb1a700000 - 0x00007ffb1a718000 	E:\Android studio\jre\bin\zip.dll

dbghelp: loaded successfully - version: 4.0.5 - missing functions: none
symbol engine: initialized successfully - sym options: 0x614 - pdb path: .;E:\Android studio\jre\bin;C:\WINDOWS\SYSTEM32;C:\WINDOWS\WinSxS\amd64_microsoft.windows.common-controls_6595b64144ccf1df_6.0.19041.1110_none_60b5254171f9507e;E:\Android studio\jre\bin\server

VM Arguments:
java_command: org.jetbrains.kotlin.cli.jvm.K2JVMCompiler @C:\Users\Marko\AndroidStudioProjects\LecturePresenceApp\app\build\20230806_7516309004800167665.compiler.options
java_class_path (initial): C:\Users\Marko\.gradle\caches\modules-2\files-2.1\org.jetbrains.kotlin\kotlin-compiler-embeddable\1.7.10\909803167c98606fcf22b4c848647c68e351d48d\kotlin-compiler-embeddable-1.7.10.jar;C:\Users\Marko\.gradle\caches\modules-2\files-2.1\org.jetbrains.kotlin\kotlin-reflect\1.7.10\165e600dfea6185cf5efa700756294cc4904dbeb\kotlin-reflect-1.7.10.jar;C:\Users\Marko\.gradle\caches\modules-2\files-2.1\org.jetbrains.kotlin\kotlin-stdlib\1.7.10\d2abf9e77736acc4450dc4a3f707fa2c10f5099d\kotlin-stdlib-1.7.10.jar;C:\Users\Marko\.gradle\caches\modules-2\files-2.1\org.jetbrains.kotlin\kotlin-script-runtime\1.7.10\c99c87a6988d8fd8d5142e9ed5c9f34a7cf561ee\kotlin-script-runtime-1.7.10.jar;C:\Users\Marko\.gradle\caches\modules-2\files-2.1\org.jetbrains.kotlin\kotlin-daemon-embeddable\1.7.10\3a9f7aef7080d3ae63126cbba4f827ed664f32fa\kotlin-daemon-embeddable-1.7.10.jar;C:\Users\Marko\.gradle\caches\modules-2\files-2.1\org.jetbrains.intellij.deps\trove4j\1.0.20200330\3afb14d5f9ceb459d724e907a21145e8ff394f02\trove4j-1.0.20200330.jar;C:\Users\Marko\.gradle\caches\modules-2\files-2.1\net.java.dev.jna\jna\5.6.0\330f2244e9030119ab3030fc3fededc86713d9cc\jna-5.6.0.jar;C:\Users\Marko\.gradle\caches\modules-2\files-2.1\org.jetbrains.kotlin\kotlin-stdlib-common\1.7.10\bac80c520d0a9e3f3673bc2658c6ed02ef45a76a\kotlin-stdlib-common-1.7.10.jar;C:\Users\Marko\.gradle\caches\modules-2\files-2.1\org.jetbrains\annotations\13.0\919f0dfe192fb4e063e7dacadee7f8bb9a2672a9\annotations-13.0.jar
Launcher Type: SUN_STANDARD

[Global flags]
     intx CICompilerCount                          = 4                                         {product} {ergonomic}
     uint ConcGCThreads                            = 2                                         {product} {ergonomic}
     uint G1ConcRefinementThreads                  = 8                                         {product} {ergonomic}
   size_t G1HeapRegionSize                         = 1048576                                   {product} {ergonomic}
    uintx GCDrainStackTargetSize                   = 64                                        {product} {ergonomic}
   size_t InitialHeapSize                          = 100663296                                 {product} {ergonomic}
   size_t MarkStackSize                            = 4194304                                   {product} {ergonomic}
   size_t MaxHeapSize                              = 1595932672                                {product} {ergonomic}
   size_t MinHeapDeltaBytes                        = 1048576                                   {product} {ergonomic}
    uintx NonNMethodCodeHeapSize                   = 5836300                                {pd product} {ergonomic}
    uintx NonProfiledCodeHeapSize                  = 122910970                              {pd product} {ergonomic}
    uintx ProfiledCodeHeapSize                     = 122910970                              {pd product} {ergonomic}
    uintx ReservedCodeCacheSize                    = 251658240                              {pd product} {ergonomic}
     bool SegmentedCodeCache                       = true                                      {product} {ergonomic}
     bool UseCompressedClassPointers               = true                                 {lp64_product} {ergonomic}
     bool UseCompressedOops                        = true                                 {lp64_product} {ergonomic}
     bool UseG1GC                                  = true                                      {product} {ergonomic}
     bool UseLargePagesIndividualAllocation        = false                                  {pd product} {ergonomic}

Logging:
Log output configuration:
 #0: stdout all=warning uptime,level,tags
 #1: stderr all=off uptime,level,tags

Environment Variables:
PATH=C:\Python311\Scripts\;C:\Python311\;C:\Program Files\Common Files\Oracle\Java\javapath;C:\Program Files (x86)\Common Files\Oracle\Java\javapath;C:\WINDOWS\system32;C:\WINDOWS;C:\WINDOWS\System32\Wbem;C:\WINDOWS\System32\WindowsPowerShell\v1.0\;C:\WINDOWS\System32\OpenSSH\;C:\Program Files\dotnet\;C:\Program Files\Microsoft SQL Server\130\Tools\Binn\;C:\Program Files\Git\cmd;C:\Program Files\Microsoft SQL Server\Client SDK\ODBC\170\Tools\Binn\;C:\Program Files (x86)\Microsoft SQL Server\150\Tools\Binn\;C:\Program Files\Microsoft SQL Server\150\Tools\Binn\;C:\Program Files\Microsoft SQL Server\150\DTS\Binn\;C:\Program Files (x86)\Microsoft SQL Server\150\DTS\Binn\;C:\Program Files\Azure Data Studio\bin;E:\XAMPP\php;C:\ProgramData\ComposerSetup\bin;C:\ProgramData\chocolatey\bin;C:\Program Files\nodejs\;C:\Users\Marko\AppData\Local\Programs\Python\Python311\Scripts\;C:\Users\Marko\AppData\Local\Programs\Python\Python311\;C:\Python311\Scripts\;C:\Python311\;C:\Program Files\Common Files\Oracle\Java\javapath;C:\Program Files (x86)\Common Files\Oracle\Java\javapath;C:\WINDOWS\system32;C:\WINDOWS;C:\WINDOWS\System32\Wbem;C:\WINDOWS\System32\WindowsPowerShell\v1.0\;C:\WINDOWS\System32\OpenSSH\;C:\Program Files\dotnet\;C:\Program Files\Microsoft SQL Server\130\Tools\Binn\;C:\Program Files\Git\cmd;C:\Program Files\Microsoft SQL Server\Client SDK\ODBC\170\Tools\Binn\;C:\Program Files (x86)\Microsoft SQL Server\150\Tools\Binn\;C:\Program Files\Microsoft SQL Server\150\Tools\Binn\;C:\Program Files\Microsoft SQL Server\150\DTS\Binn\;C:\Program Files (x86)\Microsoft SQL Server\150\DTS\Binn\;C:\Program Files\Azure Data Studio\bin;E:\XAMPP\php;C:\ProgramData\ComposerSetup\bin;C:\ProgramData\chocolatey\bin;C:\Program Files\nodejs\;;\XAMPP\mysql\bin;C:\Program Files\nodejs\node_modules\npm\bin\npm;C:\Users\Marko\AppData\Local\Programs\Microsoft VS Code\bin;C:\Users\Marko\.dotnet\tools;C:\Users\Marko\AppData\Roaming\npm
USERNAME=Marko
OS=Windows_NT
PROCESSOR_IDENTIFIER=AMD64 Family 23 Model 24 Stepping 1, AuthenticAMD



---------------  S Y S T E M  ---------------

OS: Windows 10 , 64 bit Build 19041 (10.0.19041.3155)
OS uptime: 22 days 20:46 hours

CPU:total 8 (initial active 8) (8 cores per cpu, 2 threads per core) family 23 model 24 stepping 1 microcode 0x0, cmov, cx8, fxsr, mmx, sse, sse2, sse3, ssse3, sse4.1, sse4.2, popcnt, avx, avx2, aes, clmul, mmxext, 3dnowpref, lzcnt, sse4a, ht, tsc, tscinvbit, tscinv, bmi1, bmi2, adx, sha, fma

Memory: 4k page, system-wide physical 6082M (156M free)
TotalPageFile size 24514M (AvailPageFile size 21M)
current process WorkingSet (physical memory assigned to process): 10M, peak: 10M
current process commit charge ("private bytes"): 59M, peak: 155M

vm_info: OpenJDK 64-Bit Server VM (11.0.13+0-b1751.21-8125866) for windows-amd64 JRE (11.0.13+0-b1751.21-8125866), built on Feb  2 2022 03:00:22 by "builder" with MS VC++ 14.0 (VS2015)

END.
